<?xml version="1.0" encoding="UTF-8"?>
<coverage generated="1766098452004" clover="3.2.0">
  <project timestamp="1766098452004" name="All files">
    <metrics statements="128" coveredstatements="48" conditionals="51" coveredconditionals="25" methods="41" coveredmethods="8" elements="220" coveredelements="81" complexity="0" loc="128" ncloc="128" packages="8" files="11" classes="11"/>
    <package name="category.domain">
      <metrics statements="31" coveredstatements="13" conditionals="10" coveredconditionals="8" methods="12" coveredmethods="1"/>
      <file name="category.entity.ts" path="/Users/lucasmdomingues/Learn/full-cycle/codeflix/admin-backend/src/category/domain/category.entity.ts">
        <metrics statements="25" coveredstatements="11" conditionals="10" coveredconditionals="8" methods="9" coveredmethods="1"/>
        <line num="1" count="1" type="stmt"/>
        <line num="2" count="1" type="stmt"/>
        <line num="4" count="1" type="stmt"/>
        <line num="5" count="1" type="stmt"/>
        <line num="21" count="11" type="stmt"/>
        <line num="29" count="11" type="stmt"/>
        <line num="30" count="11" type="cond" truecount="2" falsecount="0"/>
        <line num="31" count="11" type="stmt"/>
        <line num="32" count="11" type="cond" truecount="2" falsecount="0"/>
        <line num="33" count="11" type="cond" truecount="2" falsecount="0"/>
        <line num="34" count="11" type="cond" truecount="2" falsecount="0"/>
        <line num="38" count="0" type="stmt"/>
        <line num="42" count="0" type="stmt"/>
        <line num="43" count="0" type="stmt"/>
        <line num="44" count="0" type="stmt"/>
        <line num="48" count="0" type="stmt"/>
        <line num="49" count="0" type="stmt"/>
        <line num="53" count="0" type="stmt"/>
        <line num="54" count="0" type="stmt"/>
        <line num="58" count="0" type="stmt"/>
        <line num="62" count="0" type="stmt"/>
        <line num="66" count="0" type="stmt"/>
        <line num="67" count="0" type="stmt"/>
        <line num="68" count="0" type="cond" truecount="0" falsecount="2"/>
        <line num="72" count="0" type="stmt"/>
      </file>
      <file name="category.validator.ts" path="/Users/lucasmdomingues/Learn/full-cycle/codeflix/admin-backend/src/category/domain/category.validator.ts">
        <metrics statements="6" coveredstatements="2" conditionals="0" coveredconditionals="0" methods="3" coveredmethods="0"/>
        <line num="7" count="1" type="stmt"/>
        <line num="8" count="1" type="stmt"/>
        <line num="26" count="0" type="stmt"/>
        <line num="32" count="0" type="stmt"/>
        <line num="36" count="0" type="stmt"/>
        <line num="38" count="0" type="stmt"/>
      </file>
    </package>
    <package name="category.infra.db">
      <metrics statements="10" coveredstatements="9" conditionals="4" coveredconditionals="4" methods="4" coveredmethods="3"/>
      <file name="category.in-memory.repository.ts" path="/Users/lucasmdomingues/Learn/full-cycle/codeflix/admin-backend/src/category/infra/db/category.in-memory.repository.ts">
        <metrics statements="10" coveredstatements="9" conditionals="4" coveredconditionals="4" methods="4" coveredmethods="3"/>
        <line num="3" count="1" type="stmt"/>
        <line num="4" count="1" type="stmt"/>
        <line num="6" count="4" type="stmt"/>
        <line num="13" count="2" type="cond" truecount="2" falsecount="0"/>
        <line num="14" count="1" type="stmt"/>
        <line num="16" count="1" type="stmt"/>
        <line num="17" count="3" type="stmt"/>
        <line num="19" count="1" type="stmt"/>
        <line num="23" count="3" type="cond" truecount="2" falsecount="0"/>
        <line num="27" count="0" type="stmt"/>
      </file>
    </package>
    <package name="shared.domain">
      <metrics statements="8" coveredstatements="3" conditionals="6" coveredconditionals="0" methods="1" coveredmethods="0"/>
      <file name="entity.ts" path="/Users/lucasmdomingues/Learn/full-cycle/codeflix/admin-backend/src/shared/domain/entity.ts">
        <metrics statements="1" coveredstatements="1" conditionals="0" coveredconditionals="0" methods="0" coveredmethods="0"/>
        <line num="3" count="1" type="stmt"/>
      </file>
      <file name="value-object.ts" path="/Users/lucasmdomingues/Learn/full-cycle/codeflix/admin-backend/src/shared/domain/value-object.ts">
        <metrics statements="7" coveredstatements="2" conditionals="6" coveredconditionals="0" methods="1" coveredmethods="0"/>
        <line num="1" count="1" type="stmt"/>
        <line num="3" count="2" type="stmt"/>
        <line num="5" count="0" type="cond" truecount="0" falsecount="4"/>
        <line num="6" count="0" type="stmt"/>
        <line num="9" count="0" type="cond" truecount="0" falsecount="2"/>
        <line num="10" count="0" type="stmt"/>
        <line num="13" count="0" type="stmt"/>
      </file>
    </package>
    <package name="shared.domain.errors">
      <metrics statements="4" coveredstatements="0" conditionals="2" coveredconditionals="0" methods="1" coveredmethods="0"/>
      <file name="not-found.error.ts" path="/Users/lucasmdomingues/Learn/full-cycle/codeflix/admin-backend/src/shared/domain/errors/not-found.error.ts">
        <metrics statements="4" coveredstatements="0" conditionals="2" coveredconditionals="0" methods="1" coveredmethods="0"/>
        <line num="3" count="0" type="stmt"/>
        <line num="5" count="0" type="cond" truecount="0" falsecount="2"/>
        <line num="6" count="0" type="stmt"/>
        <line num="7" count="0" type="stmt"/>
      </file>
    </package>
    <package name="shared.domain.repository">
      <metrics statements="10" coveredstatements="1" conditionals="3" coveredconditionals="0" methods="3" coveredmethods="0"/>
      <file name="search-result.ts" path="/Users/lucasmdomingues/Learn/full-cycle/codeflix/admin-backend/src/shared/domain/repository/search-result.ts">
        <metrics statements="10" coveredstatements="1" conditionals="3" coveredconditionals="0" methods="3" coveredmethods="0"/>
        <line num="2" count="1" type="stmt"/>
        <line num="11" count="0" type="stmt"/>
        <line num="19" count="0" type="stmt"/>
        <line num="20" count="0" type="stmt"/>
        <line num="21" count="0" type="stmt"/>
        <line num="22" count="0" type="stmt"/>
        <line num="23" count="0" type="stmt"/>
        <line num="24" count="0" type="stmt"/>
        <line num="28" count="0" type="stmt"/>
        <line num="29" count="0" type="cond" truecount="0" falsecount="2"/>
      </file>
    </package>
    <package name="shared.domain.validators">
      <metrics statements="16" coveredstatements="2" conditionals="2" coveredconditionals="0" methods="3" coveredmethods="0"/>
      <file name="class-validator-fields.ts" path="/Users/lucasmdomingues/Learn/full-cycle/codeflix/admin-backend/src/shared/domain/validators/class-validator-fields.ts">
        <metrics statements="12" coveredstatements="2" conditionals="2" coveredconditionals="0" methods="1" coveredmethods="0"/>
        <line num="1" count="1" type="stmt"/>
        <line num="7" count="1" type="stmt"/>
        <line num="8" count="0" type="stmt"/>
        <line num="9" count="0" type="stmt"/>
        <line num="12" count="0" type="stmt"/>
        <line num="13" count="0" type="cond" truecount="0" falsecount="2"/>
        <line num="14" count="0" type="stmt"/>
        <line num="16" count="0" type="stmt"/>
        <line num="17" count="0" type="stmt"/>
        <line num="18" count="0" type="stmt"/>
        <line num="21" count="0" type="stmt"/>
        <line num="24" count="0" type="stmt"/>
      </file>
      <file name="validation.error.ts" path="/Users/lucasmdomingues/Learn/full-cycle/codeflix/admin-backend/src/shared/domain/validators/validation.error.ts">
        <metrics statements="4" coveredstatements="0" conditionals="0" coveredconditionals="0" methods="2" coveredmethods="0"/>
        <line num="3" count="0" type="stmt"/>
        <line num="5" count="0" type="stmt"/>
        <line num="6" count="0" type="stmt"/>
        <line num="10" count="0" type="stmt"/>
      </file>
    </package>
    <package name="shared.domain.value-objects">
      <metrics statements="12" coveredstatements="8" conditionals="4" coveredconditionals="3" methods="4" coveredmethods="2"/>
      <file name="uuid.vo.ts" path="/Users/lucasmdomingues/Learn/full-cycle/codeflix/admin-backend/src/shared/domain/value-objects/uuid.vo.ts">
        <metrics statements="12" coveredstatements="8" conditionals="4" coveredconditionals="3" methods="4" coveredmethods="2"/>
        <line num="1" count="1" type="stmt"/>
        <line num="2" count="1" type="stmt"/>
        <line num="4" count="11" type="stmt"/>
        <line num="8" count="11" type="stmt"/>
        <line num="9" count="11" type="cond" truecount="2" falsecount="0"/>
        <line num="10" count="11" type="stmt"/>
        <line num="14" count="11" type="stmt"/>
        <line num="15" count="11" type="cond" truecount="1" falsecount="1"/>
        <line num="19" count="0" type="stmt"/>
        <line num="23" count="0" type="stmt"/>
        <line num="25" count="0" type="stmt"/>
        <line num="26" count="0" type="stmt"/>
      </file>
    </package>
    <package name="shared.infra.db.in-memory">
      <metrics statements="37" coveredstatements="12" conditionals="20" coveredconditionals="10" methods="13" coveredmethods="2"/>
      <file name="in-memory.repository.ts" path="/Users/lucasmdomingues/Learn/full-cycle/codeflix/admin-backend/src/shared/infra/db/in-memory/in-memory.repository.ts">
        <metrics statements="37" coveredstatements="12" conditionals="20" coveredconditionals="10" methods="13" coveredmethods="2"/>
        <line num="2" count="1" type="stmt"/>
        <line num="8" count="1" type="stmt"/>
        <line num="11" count="0" type="stmt"/>
        <line num="16" count="4" type="stmt"/>
        <line num="19" count="0" type="stmt"/>
        <line num="23" count="0" type="stmt"/>
        <line num="27" count="0" type="stmt"/>
        <line num="28" count="0" type="stmt"/>
        <line num="30" count="0" type="cond" truecount="0" falsecount="2"/>
        <line num="31" count="0" type="stmt"/>
        <line num="33" count="0" type="stmt"/>
        <line num="37" count="0" type="stmt"/>
        <line num="38" count="0" type="cond" truecount="0" falsecount="2"/>
        <line num="39" count="0" type="stmt"/>
        <line num="41" count="0" type="stmt"/>
        <line num="45" count="0" type="stmt"/>
        <line num="46" count="0" type="cond" truecount="0" falsecount="2"/>
        <line num="47" count="0" type="stmt"/>
        <line num="51" count="0" type="stmt"/>
        <line num="57" count="4" type="stmt"/>
        <line num="68" count="0" type="stmt"/>
        <line num="70" count="0" type="stmt"/>
        <line num="76" count="0" type="stmt"/>
        <line num="82" count="0" type="stmt"/>
        <line num="96" count="0" type="stmt"/>
        <line num="97" count="0" type="stmt"/>
        <line num="98" count="0" type="stmt"/>
        <line num="102" count="3" type="cond" truecount="1" falsecount="1"/>
        <line num="103" count="0" type="stmt"/>
        <line num="105" count="3" type="stmt"/>
        <line num="106" count="8" type="cond" truecount="1" falsecount="1"/>
        <line num="107" count="8" type="cond" truecount="1" falsecount="1"/>
        <line num="108" count="8" type="cond" truecount="2" falsecount="0"/>
        <line num="109" count="3" type="cond" truecount="2" falsecount="0"/>
        <line num="111" count="5" type="cond" truecount="1" falsecount="1"/>
        <line num="112" count="5" type="cond" truecount="2" falsecount="0"/>
        <line num="114" count="0" type="stmt"/>
      </file>
    </package>
  </project>
</coverage>
