TN:
SF:src/category/domain/category.entity.ts
FN:28,(anonymous_1)
FN:37,(anonymous_2)
FN:41,(anonymous_3)
FN:47,(anonymous_4)
FN:52,(anonymous_5)
FN:57,(anonymous_6)
FN:61,(anonymous_7)
FN:65,(anonymous_8)
FN:71,(anonymous_9)
FNF:9
FNH:1
FNDA:11,(anonymous_1)
FNDA:0,(anonymous_2)
FNDA:0,(anonymous_3)
FNDA:0,(anonymous_4)
FNDA:0,(anonymous_5)
FNDA:0,(anonymous_6)
FNDA:0,(anonymous_7)
FNDA:0,(anonymous_8)
FNDA:0,(anonymous_9)
DA:1,1
DA:2,1
DA:4,1
DA:5,1
DA:21,11
DA:29,11
DA:30,11
DA:31,11
DA:32,11
DA:33,11
DA:34,11
DA:38,0
DA:42,0
DA:43,0
DA:44,0
DA:48,0
DA:49,0
DA:53,0
DA:54,0
DA:58,0
DA:62,0
DA:66,0
DA:67,0
DA:68,0
DA:72,0
LF:25
LH:11
BRDA:30,0,0,11
BRDA:30,0,1,11
BRDA:32,1,0,11
BRDA:32,1,1,11
BRDA:33,2,0,11
BRDA:33,2,1,11
BRDA:34,3,0,11
BRDA:34,3,1,7
BRDA:68,4,0,0
BRDA:68,4,1,0
BRF:10
BRH:8
end_of_record
TN:
SF:src/category/domain/category.validator.ts
FN:25,(anonymous_2)
FN:31,(anonymous_3)
FN:37,(anonymous_4)
FNF:3
FNH:0
FNDA:0,(anonymous_2)
FNDA:0,(anonymous_3)
FNDA:0,(anonymous_4)
DA:7,1
DA:8,1
DA:26,0
DA:32,0
DA:36,0
DA:38,0
LF:6
LH:2
BRF:0
BRH:0
end_of_record
TN:
SF:src/category/infra/db/category.in-memory.repository.ts
FN:12,(anonymous_1)
FN:16,(anonymous_2)
FN:22,(anonymous_3)
FN:26,(anonymous_4)
FNF:4
FNH:3
FNDA:2,(anonymous_1)
FNDA:3,(anonymous_2)
FNDA:3,(anonymous_3)
FNDA:0,(anonymous_4)
DA:3,1
DA:4,1
DA:6,4
DA:13,2
DA:14,1
DA:16,1
DA:17,3
DA:19,1
DA:23,3
DA:27,0
LF:10
LH:9
BRDA:13,0,0,1
BRDA:13,0,1,1
BRDA:23,1,0,2
BRDA:23,1,1,1
BRF:4
BRH:4
end_of_record
TN:
SF:src/shared/domain/entity.ts
FNF:0
FNH:0
DA:3,1
LF:1
LH:1
BRF:0
BRH:0
end_of_record
TN:
SF:src/shared/domain/value-object.ts
FN:4,(anonymous_1)
FNF:1
FNH:0
FNDA:0,(anonymous_1)
DA:1,1
DA:3,2
DA:5,0
DA:6,0
DA:9,0
DA:10,0
DA:13,0
LF:7
LH:2
BRDA:5,0,0,0
BRDA:5,0,1,0
BRDA:5,1,0,0
BRDA:5,1,1,0
BRDA:9,2,0,0
BRDA:9,2,1,0
BRF:6
BRH:0
end_of_record
TN:
SF:src/shared/domain/errors/not-found.error.ts
FN:4,(anonymous_1)
FNF:1
FNH:0
FNDA:0,(anonymous_1)
DA:3,0
DA:5,0
DA:6,0
DA:7,0
LF:4
LH:0
BRDA:5,0,0,0
BRDA:5,0,1,0
BRF:2
BRH:0
end_of_record
TN:
SF:src/shared/domain/repository/search-result.ts
FN:18,(anonymous_1)
FN:27,(anonymous_2)
FN:29,(anonymous_3)
FNF:3
FNH:0
FNDA:0,(anonymous_1)
FNDA:0,(anonymous_2)
FNDA:0,(anonymous_3)
DA:2,1
DA:11,0
DA:19,0
DA:20,0
DA:21,0
DA:22,0
DA:23,0
DA:24,0
DA:28,0
DA:29,0
LF:10
LH:1
BRDA:27,0,0,0
BRDA:29,1,0,0
BRDA:29,1,1,0
BRF:3
BRH:0
end_of_record
TN:
SF:src/shared/domain/validators/class-validator-fields.ts
FN:11,(anonymous_1)
FNF:1
FNH:0
FNDA:0,(anonymous_1)
DA:1,1
DA:7,1
DA:8,0
DA:9,0
DA:12,0
DA:13,0
DA:14,0
DA:16,0
DA:17,0
DA:18,0
DA:21,0
DA:24,0
LF:12
LH:2
BRDA:13,0,0,0
BRDA:13,0,1,0
BRF:2
BRH:0
end_of_record
TN:
SF:src/shared/domain/validators/validation.error.ts
FN:4,(anonymous_1)
FN:9,(anonymous_2)
FNF:2
FNH:0
FNDA:0,(anonymous_1)
FNDA:0,(anonymous_2)
DA:3,0
DA:5,0
DA:6,0
DA:10,0
LF:4
LH:0
BRF:0
BRH:0
end_of_record
TN:
SF:src/shared/domain/value-objects/uuid.vo.ts
FN:7,(anonymous_3)
FN:13,(anonymous_4)
FN:18,(anonymous_5)
FN:24,(anonymous_6)
FNF:4
FNH:2
FNDA:11,(anonymous_3)
FNDA:11,(anonymous_4)
FNDA:0,(anonymous_5)
FNDA:0,(anonymous_6)
DA:1,1
DA:2,1
DA:4,11
DA:8,11
DA:9,11
DA:10,11
DA:14,11
DA:15,11
DA:19,0
DA:23,0
DA:25,0
DA:26,0
LF:12
LH:8
BRDA:9,0,0,11
BRDA:9,0,1,11
BRDA:15,1,0,0
BRDA:15,1,1,11
BRF:4
BRH:3
end_of_record
TN:
SF:src/shared/infra/db/in-memory/in-memory.repository.ts
FN:18,(anonymous_3)
FN:22,(anonymous_4)
FN:26,(anonymous_5)
FN:27,(anonymous_6)
FN:36,(anonymous_7)
FN:37,(anonymous_8)
FN:44,(anonymous_9)
FN:45,(anonymous_10)
FN:50,(anonymous_11)
FN:67,(anonymous_13)
FN:95,(anonymous_14)
FN:101,(anonymous_15)
FN:105,(anonymous_16)
FNF:13
FNH:2
FNDA:0,(anonymous_3)
FNDA:0,(anonymous_4)
FNDA:0,(anonymous_5)
FNDA:0,(anonymous_6)
FNDA:0,(anonymous_7)
FNDA:0,(anonymous_8)
FNDA:0,(anonymous_9)
FNDA:0,(anonymous_10)
FNDA:0,(anonymous_11)
FNDA:0,(anonymous_13)
FNDA:0,(anonymous_14)
FNDA:3,(anonymous_15)
FNDA:8,(anonymous_16)
DA:2,1
DA:8,1
DA:11,0
DA:16,4
DA:19,0
DA:23,0
DA:27,0
DA:28,0
DA:30,0
DA:31,0
DA:33,0
DA:37,0
DA:38,0
DA:39,0
DA:41,0
DA:45,0
DA:46,0
DA:47,0
DA:51,0
DA:57,4
DA:68,0
DA:70,0
DA:76,0
DA:82,0
DA:96,0
DA:97,0
DA:98,0
DA:102,3
DA:103,0
DA:105,3
DA:106,8
DA:107,8
DA:108,8
DA:109,3
DA:111,5
DA:112,5
DA:114,0
LF:37
LH:12
BRDA:30,0,0,0
BRDA:30,0,1,0
BRDA:38,1,0,0
BRDA:38,1,1,0
BRDA:46,2,0,0
BRDA:46,2,1,0
BRDA:102,3,0,0
BRDA:102,3,1,3
BRDA:106,4,0,0
BRDA:106,4,1,8
BRDA:107,5,0,0
BRDA:107,5,1,8
BRDA:108,6,0,3
BRDA:108,6,1,5
BRDA:109,7,0,1
BRDA:109,7,1,2
BRDA:111,8,0,5
BRDA:111,8,1,0
BRDA:112,9,0,1
BRDA:112,9,1,4
BRF:20
BRH:10
end_of_record
